<?xml version="1.0" encoding="UTF-8"?>
<!-- Generated by org.testng.reporters.JUnitXMLReporter -->
<testsuite hostname="adminpdfs-MacBook-Air.local" name="First" tests="3" failures="0" timestamp="9 Dec 2019 08:39:31 GMT" time="0.037" errors="0">
  <testcase name="firstMethod" time="0.013" classname="com.firstSite.FirstClass"/>
  <testcase name="secondMethod" time="0.001" classname="com.firstSite.FirstClass"/>
  <testcase name="thirdMethod" time="0.0" classname="com.firstSite.FirstClass"/>
</testsuite> <!-- First -->
