<?xml version="1.0" encoding="UTF-8"?>
<testsuite xmlns:xsi="http://www.w3.org/2001/XMLSchema-instance" xsi:noNamespaceSchemaLocation="https://maven.apache.org/surefire/maven-surefire-plugin/xsd/surefire-test-report-3.0.xsd" version="3.0" name="TestSuite" time="31.523" tests="4" errors="0" skipped="3" failures="1">
  <properties>
[...]
</properties>
  <testcase name="setDriver" classname="com.firstSite.GooglePage" time="21.368">
    <failure message="Timed out waiting for driver server to start.&#10;Build info: version: &apos;3.141.59&apos;, revision: &apos;e82be7d358&apos;, time: &apos;2018-11-14T08:17:03&apos;&#10;System info: host: &apos;adminpdfs-MacBook-Air.local&apos;, ip: &apos;fe80:0:0:0:10e8:a73:c09f:ef31%en0&apos;, os.name: &apos;Mac OS X&apos;, os.arch: &apos;x86_64&apos;, os.version: &apos;10.15.2&apos;, java.version: &apos;1.8.0_212&apos;&#10;Driver info: driver.version: ChromeDriver" type="org.openqa.selenium.WebDriverException"><![CDATA[org.openqa.selenium.WebDriverException: 
Timed out waiting for driver server to start.
Build info: version: '3.141.59', revision: 'e82be7d358', time: '2018-11-14T08:17:03'
System info: host: 'adminpdfs-MacBook-Air.local', ip: 'fe80:0:0:0:10e8:a73:c09f:ef31%en0', os.name: 'Mac OS X', os.arch: 'x86_64', os.version: '10.15.2', java.version: '1.8.0_212'
Driver info: driver.version: ChromeDriver
Caused by: org.openqa.selenium.net.UrlChecker$TimeoutException: Timed out waiting for [http://localhost:22297/status] to be available after 20007 ms
Caused by: java.util.concurrent.TimeoutException
]]></failure>
    <system-err><![CDATA[/Users/ihor/Documents/GitHub/firstTest/chromedriver: /Users/ihor/Documents/GitHub/firstTest/chromedriver: cannot execute binary file
??? 24, 2019 1:54:55 PM org.openqa.selenium.os.OsProcess checkForError
SEVERE: org.apache.commons.exec.ExecuteException: Process exited with an error: 126 (Exit value: 126)
]]></system-err>
  </testcase>
  <testcase name="getSearchPage" classname="com.firstSite.GooglePage" time="0">
    <skipped/>
  </testcase>
  <testcase name="threatDown" classname="com.firstSite.GooglePage" time="0">
    <skipped/>
  </testcase>
  <testcase name="closeBrowser" classname="com.firstSite.GooglePage" time="0">
    <skipped/>
  </testcase>
</testsuite>