<?xml version="1.0" encoding="UTF-8"?>
<testng-results skipped="0" failed="0" total="3" passed="3">
  <reporter-output>
  </reporter-output>
  <suite name="tests" duration-ms="37" started-at="2019-12-09T08:39:26Z" finished-at="2019-12-09T08:39:26Z">
    <groups>
    </groups>
    <test name="First" duration-ms="37" started-at="2019-12-09T08:39:26Z" finished-at="2019-12-09T08:39:26Z">
      <class name="com.firstSite.FirstClass">
        <test-method status="PASS" signature="firstMethod()[pri:0, instance:com.firstSite.FirstClass@21bcffb5]" name="firstMethod" duration-ms="13" started-at="2019-12-09T10:39:26Z" finished-at="2019-12-09T10:39:26Z">
          <reporter-output>
          </reporter-output>
        </test-method> <!-- firstMethod -->
        <test-method status="PASS" signature="secondMethod()[pri:0, instance:com.firstSite.FirstClass@21bcffb5]" name="secondMethod" duration-ms="1" started-at="2019-12-09T10:39:26Z" finished-at="2019-12-09T10:39:26Z">
          <reporter-output>
          </reporter-output>
        </test-method> <!-- secondMethod -->
        <test-method status="PASS" signature="thirdMethod()[pri:0, instance:com.firstSite.FirstClass@21bcffb5]" name="thirdMethod" duration-ms="0" started-at="2019-12-09T10:39:26Z" finished-at="2019-12-09T10:39:26Z">
          <reporter-output>
          </reporter-output>
        </test-method> <!-- thirdMethod -->
      </class> <!-- com.firstSite.FirstClass -->
    </test> <!-- First -->
  </suite> <!-- tests -->
</testng-results>
